<?xml version="1.0" encoding="UTF-8"?>
<!-- Generated by org.testng.reporters.JUnitReportReporter -->
<testsuite hostname="MANGESH-DELL2020" failures="0" tests="1" name="com.hrms.testscript.TC001" time="9.778" errors="0" timestamp="2022-03-02T14:42:40 IST" skipped="0">
  <testcase classname="com.hrms.testscript.TC001" name="tc001" time="9.778"/>
  <system-out>
    <![CDATA[Application opened]]>
  </system-out>
</testsuite> <!-- com.hrms.testscript.TC001 -->
